[DEBUG][2017-04-28 15:52:54,382][cc.eslink.pos.dao.PosClientDao.getClientInfo][43-http-nio-8080-exec-6][org.apache.ibatis.logging.jdbc.BaseJdbcLogger][debug][159]
==>  Preparing: select * from pos_client_info where pos_mac = ? 
[DEBUG][2017-04-28 15:52:54,731][cc.eslink.pos.dao.PosClientDao.getClientInfo][43-http-nio-8080-exec-6][org.apache.ibatis.logging.jdbc.BaseJdbcLogger][debug][159]
==> Parameters: null
[DEBUG][2017-04-28 15:52:54,807][cc.eslink.pos.dao.PosClientDao.getClientInfo][43-http-nio-8080-exec-6][org.apache.ibatis.logging.jdbc.BaseJdbcLogger][debug][159]
<==      Total: 0
[ERROR][2017-04-28 15:52:54,817][cc.eslink.pos.interceptor.PosClientStatusInterceptor][43-http-nio-8080-exec-6][cc.eslink.pos.interceptor.PosClientStatusInterceptor][preHandle][42]
终端设备状态异常，mac:null
[DEBUG][2017-04-28 15:53:00,075][cc.eslink.pos.dao.PosClientDao.getClientInfo][47-http-nio-8080-exec-7][org.apache.ibatis.logging.jdbc.BaseJdbcLogger][debug][159]
==>  Preparing: select * from pos_client_info where pos_mac = ? 
[DEBUG][2017-04-28 15:53:00,077][cc.eslink.pos.dao.PosClientDao.getClientInfo][47-http-nio-8080-exec-7][org.apache.ibatis.logging.jdbc.BaseJdbcLogger][debug][159]
==> Parameters: null
[DEBUG][2017-04-28 15:53:00,112][cc.eslink.pos.dao.PosClientDao.getClientInfo][47-http-nio-8080-exec-7][org.apache.ibatis.logging.jdbc.BaseJdbcLogger][debug][159]
<==      Total: 0
[ERROR][2017-04-28 15:53:00,113][cc.eslink.pos.interceptor.PosClientStatusInterceptor][47-http-nio-8080-exec-7][cc.eslink.pos.interceptor.PosClientStatusInterceptor][preHandle][42]
终端设备状态异常，mac:null
[ERROR][2017-04-28 15:53:00,152][logger_exp][47-http-nio-8080-exec-7][cc.eslink.common.base.BaseController][handleException][68]
发生异常：
cc.eslink.common.exception.BizException: 设备状态异常
	at cc.eslink.pos.interceptor.PosClientStatusInterceptor.preHandle(PosClientStatusInterceptor.java:43) ~[classes/:?]
	at org.springframework.web.servlet.HandlerExecutionChain.applyPreHandle(HandlerExecutionChain.java:134) ~[spring-webmvc-4.3.7.RELEASE.jar:4.3.7.RELEASE]
	at org.springframework.web.servlet.DispatcherServlet.doDispatch(DispatcherServlet.java:958) [spring-webmvc-4.3.7.RELEASE.jar:4.3.7.RELEASE]
	at org.springframework.web.servlet.DispatcherServlet.doService(DispatcherServlet.java:897) [spring-webmvc-4.3.7.RELEASE.jar:4.3.7.RELEASE]
	at org.springframework.web.servlet.FrameworkServlet.processRequest(FrameworkServlet.java:970) [spring-webmvc-4.3.7.RELEASE.jar:4.3.7.RELEASE]
	at org.springframework.web.servlet.FrameworkServlet.doGet(FrameworkServlet.java:861) [spring-webmvc-4.3.7.RELEASE.jar:4.3.7.RELEASE]
	at javax.servlet.http.HttpServlet.service(HttpServlet.java:622) [servlet-api.jar:?]
	at org.springframework.web.servlet.FrameworkServlet.service(FrameworkServlet.java:846) [spring-webmvc-4.3.7.RELEASE.jar:4.3.7.RELEASE]
	at javax.servlet.http.HttpServlet.service(HttpServlet.java:729) [servlet-api.jar:?]
	at org.apache.catalina.core.ApplicationFilterChain.internalDoFilter(ApplicationFilterChain.java:292) [catalina.jar:8.0.41]
	at org.apache.catalina.core.ApplicationFilterChain.doFilter(ApplicationFilterChain.java:207) [catalina.jar:8.0.41]
	at org.apache.tomcat.websocket.server.WsFilter.doFilter(WsFilter.java:52) [tomcat-websocket.jar:8.0.41]
	at org.apache.catalina.core.ApplicationFilterChain.internalDoFilter(ApplicationFilterChain.java:240) [catalina.jar:8.0.41]
	at org.apache.catalina.core.ApplicationFilterChain.doFilter(ApplicationFilterChain.java:207) [catalina.jar:8.0.41]
	at org.springframework.web.filter.CharacterEncodingFilter.doFilterInternal(CharacterEncodingFilter.java:197) [spring-web-4.3.7.RELEASE.jar:4.3.7.RELEASE]
	at org.springframework.web.filter.OncePerRequestFilter.doFilter(OncePerRequestFilter.java:107) [spring-web-4.3.7.RELEASE.jar:4.3.7.RELEASE]
	at org.apache.catalina.core.ApplicationFilterChain.internalDoFilter(ApplicationFilterChain.java:240) [catalina.jar:8.0.41]
	at org.apache.catalina.core.ApplicationFilterChain.doFilter(ApplicationFilterChain.java:207) [catalina.jar:8.0.41]
	at org.apache.catalina.core.StandardWrapperValve.invoke(StandardWrapperValve.java:212) [catalina.jar:8.0.41]
	at org.apache.catalina.core.StandardContextValve.invoke(StandardContextValve.java:94) [catalina.jar:8.0.41]
	at org.apache.catalina.authenticator.AuthenticatorBase.invoke(AuthenticatorBase.java:504) [catalina.jar:8.0.41]
	at org.apache.catalina.core.StandardHostValve.invoke(StandardHostValve.java:141) [catalina.jar:8.0.41]
	at org.apache.catalina.valves.ErrorReportValve.invoke(ErrorReportValve.java:79) [catalina.jar:8.0.41]
	at org.apache.catalina.valves.AbstractAccessLogValve.invoke(AbstractAccessLogValve.java:620) [catalina.jar:8.0.41]
	at org.apache.catalina.core.StandardEngineValve.invoke(StandardEngineValve.java:88) [catalina.jar:8.0.41]
	at org.apache.catalina.connector.CoyoteAdapter.service(CoyoteAdapter.java:509) [catalina.jar:8.0.41]
	at org.apache.coyote.http11.AbstractHttp11Processor.process(AbstractHttp11Processor.java:1104) [tomcat-coyote.jar:8.0.41]
	at org.apache.coyote.AbstractProtocol$AbstractConnectionHandler.process(AbstractProtocol.java:684) [tomcat-coyote.jar:8.0.41]
	at org.apache.tomcat.util.net.NioEndpoint$SocketProcessor.doRun(NioEndpoint.java:1524) [tomcat-coyote.jar:8.0.41]
	at org.apache.tomcat.util.net.NioEndpoint$SocketProcessor.run(NioEndpoint.java:1480) [tomcat-coyote.jar:8.0.41]
	at java.util.concurrent.ThreadPoolExecutor.runWorker(ThreadPoolExecutor.java:1142) [?:1.8.0_51]
	at java.util.concurrent.ThreadPoolExecutor$Worker.run(ThreadPoolExecutor.java:617) [?:1.8.0_51]
	at org.apache.tomcat.util.threads.TaskThread$WrappingRunnable.run(TaskThread.java:61) [tomcat-util.jar:8.0.41]
	at java.lang.Thread.run(Thread.java:745) [?:1.8.0_51]
[DEBUG][2017-04-28 15:53:50,498][cc.eslink.pos.dao.PosClientDao.getClientInfo][48-http-nio-8080-exec-8][org.apache.ibatis.logging.jdbc.BaseJdbcLogger][debug][159]
==>  Preparing: select * from pos_client_info where pos_mac = ? 
[DEBUG][2017-04-28 15:53:50,499][cc.eslink.pos.dao.PosClientDao.getClientInfo][48-http-nio-8080-exec-8][org.apache.ibatis.logging.jdbc.BaseJdbcLogger][debug][159]
==> Parameters: null
[DEBUG][2017-04-28 15:53:50,533][cc.eslink.pos.dao.PosClientDao.getClientInfo][48-http-nio-8080-exec-8][org.apache.ibatis.logging.jdbc.BaseJdbcLogger][debug][159]
<==      Total: 0
[ERROR][2017-04-28 15:53:50,534][cc.eslink.pos.interceptor.PosClientStatusInterceptor][48-http-nio-8080-exec-8][cc.eslink.pos.interceptor.PosClientStatusInterceptor][preHandle][42]
终端设备状态异常，mac:null
[ERROR][2017-04-28 15:53:50,552][logger_exp][48-http-nio-8080-exec-8][cc.eslink.common.base.BaseController][handleException][68]
发生异常：
cc.eslink.common.exception.BizException: 设备状态异常
	at cc.eslink.pos.interceptor.PosClientStatusInterceptor.preHandle(PosClientStatusInterceptor.java:43) ~[classes/:?]
	at org.springframework.web.servlet.HandlerExecutionChain.applyPreHandle(HandlerExecutionChain.java:134) ~[spring-webmvc-4.3.7.RELEASE.jar:4.3.7.RELEASE]
	at org.springframework.web.servlet.DispatcherServlet.doDispatch(DispatcherServlet.java:958) [spring-webmvc-4.3.7.RELEASE.jar:4.3.7.RELEASE]
	at org.springframework.web.servlet.DispatcherServlet.doService(DispatcherServlet.java:897) [spring-webmvc-4.3.7.RELEASE.jar:4.3.7.RELEASE]
	at org.springframework.web.servlet.FrameworkServlet.processRequest(FrameworkServlet.java:970) [spring-webmvc-4.3.7.RELEASE.jar:4.3.7.RELEASE]
	at org.springframework.web.servlet.FrameworkServlet.doGet(FrameworkServlet.java:861) [spring-webmvc-4.3.7.RELEASE.jar:4.3.7.RELEASE]
	at javax.servlet.http.HttpServlet.service(HttpServlet.java:622) [servlet-api.jar:?]
	at org.springframework.web.servlet.FrameworkServlet.service(FrameworkServlet.java:846) [spring-webmvc-4.3.7.RELEASE.jar:4.3.7.RELEASE]
	at javax.servlet.http.HttpServlet.service(HttpServlet.java:729) [servlet-api.jar:?]
	at org.apache.catalina.core.ApplicationFilterChain.internalDoFilter(ApplicationFilterChain.java:292) [catalina.jar:8.0.41]
	at org.apache.catalina.core.ApplicationFilterChain.doFilter(ApplicationFilterChain.java:207) [catalina.jar:8.0.41]
	at org.apache.tomcat.websocket.server.WsFilter.doFilter(WsFilter.java:52) [tomcat-websocket.jar:8.0.41]
	at org.apache.catalina.core.ApplicationFilterChain.internalDoFilter(ApplicationFilterChain.java:240) [catalina.jar:8.0.41]
	at org.apache.catalina.core.ApplicationFilterChain.doFilter(ApplicationFilterChain.java:207) [catalina.jar:8.0.41]
	at org.springframework.web.filter.CharacterEncodingFilter.doFilterInternal(CharacterEncodingFilter.java:197) [spring-web-4.3.7.RELEASE.jar:4.3.7.RELEASE]
	at org.springframework.web.filter.OncePerRequestFilter.doFilter(OncePerRequestFilter.java:107) [spring-web-4.3.7.RELEASE.jar:4.3.7.RELEASE]
	at org.apache.catalina.core.ApplicationFilterChain.internalDoFilter(ApplicationFilterChain.java:240) [catalina.jar:8.0.41]
	at org.apache.catalina.core.ApplicationFilterChain.doFilter(ApplicationFilterChain.java:207) [catalina.jar:8.0.41]
	at org.apache.catalina.core.StandardWrapperValve.invoke(StandardWrapperValve.java:212) [catalina.jar:8.0.41]
	at org.apache.catalina.core.StandardContextValve.invoke(StandardContextValve.java:94) [catalina.jar:8.0.41]
	at org.apache.catalina.authenticator.AuthenticatorBase.invoke(AuthenticatorBase.java:504) [catalina.jar:8.0.41]
	at org.apache.catalina.core.StandardHostValve.invoke(StandardHostValve.java:141) [catalina.jar:8.0.41]
	at org.apache.catalina.valves.ErrorReportValve.invoke(ErrorReportValve.java:79) [catalina.jar:8.0.41]
	at org.apache.catalina.valves.AbstractAccessLogValve.invoke(AbstractAccessLogValve.java:620) [catalina.jar:8.0.41]
	at org.apache.catalina.core.StandardEngineValve.invoke(StandardEngineValve.java:88) [catalina.jar:8.0.41]
	at org.apache.catalina.connector.CoyoteAdapter.service(CoyoteAdapter.java:509) [catalina.jar:8.0.41]
	at org.apache.coyote.http11.AbstractHttp11Processor.process(AbstractHttp11Processor.java:1104) [tomcat-coyote.jar:8.0.41]
	at org.apache.coyote.AbstractProtocol$AbstractConnectionHandler.process(AbstractProtocol.java:684) [tomcat-coyote.jar:8.0.41]
	at org.apache.tomcat.util.net.NioEndpoint$SocketProcessor.doRun(NioEndpoint.java:1524) [tomcat-coyote.jar:8.0.41]
	at org.apache.tomcat.util.net.NioEndpoint$SocketProcessor.run(NioEndpoint.java:1480) [tomcat-coyote.jar:8.0.41]
	at java.util.concurrent.ThreadPoolExecutor.runWorker(ThreadPoolExecutor.java:1142) [?:1.8.0_51]
	at java.util.concurrent.ThreadPoolExecutor$Worker.run(ThreadPoolExecutor.java:617) [?:1.8.0_51]
	at org.apache.tomcat.util.threads.TaskThread$WrappingRunnable.run(TaskThread.java:61) [tomcat-util.jar:8.0.41]
	at java.lang.Thread.run(Thread.java:745) [?:1.8.0_51]
